# JRE version: Java(TM) SE Runtime Environment (8.0_51-b16) (build 1.8.0_51-b16)
# Java VM: Java HotSpot(TM) Client VM (25.51-b03 mixed mode, sharing windows-x86 )
Heap:
 def new generation   total 20160K, used 5855K [0x0f200000, 0x107e0000, 0x14750000)
  eden space 17920K,  26% used [0x0f200000, 0x0f69e5c0, 0x10380000)
  from space 2240K,  50% used [0x105b0000, 0x106c9a28, 0x107e0000)
  to   space 2240K,   0% used [0x10380000, 0x10380000, 0x105b0000)
 tenured generation   total 44676K, used 26994K [0x14750000, 0x172f1000, 0x1f200000)
   the space 44676K,  60% used [0x14750000, 0x161aca68, 0x161acc00, 0x172f1000)
 Metaspace       used 1014K, capacity 3129K, committed 3136K, reserved 4480K
GC Heap History (10 events):
Event: 345.557 GC heap before
{Heap before GC invocations=997 (full 5):
 def new generation   total 20160K, used 18770K [0x0f200000, 0x107e0000, 0x14750000)
  eden space 17920K, 100% used [0x0f200000, 0x10380000, 0x10380000)
  from space 2240K,  37% used [0x10380000, 0x104548d0, 0x105b0000)
  to   space 2240K,   0% used [0x105b0000, 0x105b0000, 0x107e0000)
 tenured generation   total 44676K, used 26805K [0x14750000, 0x172f1000, 0x1f200000)
   the space 44676K,  59% used [0x14750000, 0x1617d530, 0x1617d600, 0x172f1000)
 Metaspace       used 1014K, capacity 3129K, committed 3136K, reserved 4480K
Event: 345.561 GC heap after
Heap after GC invocations=998 (full 5):
 def new generation   total 20160K, used 987K [0x0f200000, 0x107e0000, 0x14750000)
  eden space 17920K,   0% used [0x0f200000, 0x0f200000, 0x10380000)
  from space 2240K,  44% used [0x105b0000, 0x106a6fe8, 0x107e0000)
  to   space 2240K,   0% used [0x10380000, 0x10380000, 0x105b0000)
 tenured generation   total 44676K, used 26805K [0x14750000, 0x172f1000, 0x1f200000)
   the space 44676K,  59% used [0x14750000, 0x1617d530, 0x1617d600, 0x172f1000)
 Metaspace       used 1014K, capacity 3129K, committed 3136K, reserved 4480K
}
Event: 346.565 GC heap before
{Heap before GC invocations=998 (full 5):
 def new generation   total 20160K, used 18907K [0x0f200000, 0x107e0000, 0x14750000)
  eden space 17920K, 100% used [0x0f200000, 0x10380000, 0x10380000)
  from space 2240K,  44% used [0x105b0000, 0x106a6fe8, 0x107e0000)
  to   space 2240K,   0% used [0x10380000, 0x10380000, 0x105b0000)
 tenured generation   total 44676K, used 26805K [0x14750000, 0x172f1000, 0x1f200000)
   the space 44676K,  59% used [0x14750000, 0x1617d530, 0x1617d600, 0x172f1000)
 Metaspace       used 1014K, capacity 3129K, committed 3136K, reserved 4480K
Event: 346.569 GC heap after
Heap after GC invocations=999 (full 5):
 def new generation   total 20160K, used 1061K [0x0f200000, 0x107e0000, 0x14750000)
  eden space 17920K,   0% used [0x0f200000, 0x0f200000, 0x10380000)
  from space 2240K,  47% used [0x10380000, 0x10489588, 0x105b0000)
  to   space 2240K,   0% used [0x105b0000, 0x105b0000, 0x107e0000)
 tenured generation   total 44676K, used 26805K [0x14750000, 0x172f1000, 0x1f200000)
   the space 44676K,  59% used [0x14750000, 0x1617d530, 0x1617d600, 0x172f1000)
 Metaspace       used 1014K, capacity 3129K, committed 3136K, reserved 4480K
}
Event: 347.738 GC heap before
{Heap before GC invocations=999 (full 5):
 def new generation   total 20160K, used 18981K [0x0f200000, 0x107e0000, 0x14750000)
  eden space 17920K, 100% used [0x0f200000, 0x10380000, 0x10380000)
  from space 2240K,  47% used [0x10380000, 0x10489588, 0x105b0000)
  to   space 2240K,   0% used [0x105b0000, 0x105b0000, 0x107e0000)
 tenured generation   total 44676K, used 26805K [0x14750000, 0x172f1000, 0x1f200000)
   the space 44676K,  59% used [0x14750000, 0x1617d530, 0x1617d600, 0x172f1000)
 Metaspace       used 1014K, capacity 3129K, committed 3136K, reserved 4480K
Event: 347.742 GC heap after
Heap after GC invocations=1000 (full 5):
 def new generation   total 20160K, used 1125K [0x0f200000, 0x107e0000, 0x14750000)
  eden space 17920K,   0% used [0x0f200000, 0x0f200000, 0x10380000)
  from space 2240K,  50% used [0x105b0000, 0x106c9778, 0x107e0000)
  to   space 2240K,   0% used [0x10380000, 0x10380000, 0x105b0000)
 tenured generation   total 44676K, used 26805K [0x14750000, 0x172f1000, 0x1f200000)
   the space 44676K,  59% used [0x14750000, 0x1617d530, 0x1617d600, 0x172f1000)
 Metaspace       used 1014K, capacity 3129K, committed 3136K, reserved 4480K
}
Event: 348.919 GC heap before
{Heap before GC invocations=1000 (full 5):
 def new generation   total 20160K, used 19045K [0x0f200000, 0x107e0000, 0x14750000)
  eden space 17920K, 100% used [0x0f200000, 0x10380000, 0x10380000)
  from space 2240K,  50% used [0x105b0000, 0x106c9778, 0x107e0000)
  to   space 2240K,   0% used [0x10380000, 0x10380000, 0x105b0000)
 tenured generation   total 44676K, used 26805K [0x14750000, 0x172f1000, 0x1f200000)
   the space 44676K,  59% used [0x14750000, 0x1617d530, 0x1617d600, 0x172f1000)
 Metaspace       used 1014K, capacity 3129K, committed 3136K, reserved 4480K
Event: 348.924 GC heap after
Heap after GC invocations=1001 (full 5):
 def new generation   total 20160K, used 1126K [0x0f200000, 0x107e0000, 0x14750000)
  eden space 17920K,   0% used [0x0f200000, 0x0f200000, 0x10380000)
  from space 2240K,  50% used [0x10380000, 0x10499a08, 0x105b0000)
  to   space 2240K,   0% used [0x105b0000, 0x105b0000, 0x107e0000)
 tenured generation   total 44676K, used 26899K [0x14750000, 0x172f1000, 0x1f200000)
   the space 44676K,  60% used [0x14750000, 0x16194ff8, 0x16195000, 0x172f1000)
 Metaspace       used 1014K, capacity 3129K, committed 3136K, reserved 4480K
}
Event: 350.114 GC heap before
{Heap before GC invocations=1001 (full 5):
 def new generation   total 20160K, used 19046K [0x0f200000, 0x107e0000, 0x14750000)
  eden space 17920K, 100% used [0x0f200000, 0x10380000, 0x10380000)
  from space 2240K,  50% used [0x10380000, 0x10499a08, 0x105b0000)
  to   space 2240K,   0% used [0x105b0000, 0x105b0000, 0x107e0000)
 tenured generation   total 44676K, used 26899K [0x14750000, 0x172f1000, 0x1f200000)
   the space 44676K,  60% used [0x14750000, 0x16194ff8, 0x16195000, 0x172f1000)
 Metaspace       used 1014K, capacity 3129K, committed 3136K, reserved 4480K
Event: 350.118 GC heap after
Heap after GC invocations=1002 (full 5):
 def new generation   total 20160K, used 1126K [0x0f200000, 0x107e0000, 0x14750000)
  eden space 17920K,   0% used [0x0f200000, 0x0f200000, 0x10380000)
  from space 2240K,  50% used [0x105b0000, 0x106c9a28, 0x107e0000)
  to   space 2240K,   0% used [0x10380000, 0x10380000, 0x105b0000)
 tenured generation   total 44676K, used 26994K [0x14750000, 0x172f1000, 0x1f200000)
   the space 44676K,  60% used [0x14750000, 0x161aca68, 0x161acc00, 0x172f1000)
 Metaspace       used 1014K, capacity 3129K, committed 3136K, reserved 4480K
}

